Using pre-set license
Built from '2020.3/staging' branch; Version is '2020.3.16f1 (049d6eca3c44) revision 302446'; Using compiler version '192528614'; Build Type 'Release'
OS: 'Windows 10 Pro; OS build 19043.1165; Version 2009; 64bit' Language: 'ko' Physical Memory: 16347 MB
BatchMode: 1, IsHumanControllingUs: 0, StartBugReporterOnCrash: 0, Is64bit: 1, IsPro: 0

 COMMAND LINE ARGUMENTS:
C:\Program Files\Unity\Hub\Editor\2020.3.16f1\Editor\Unity.exe
-adb2
-batchMode
-noUpm
-name
AssetImportWorker0
-projectPath
C:/Users/skyui/Documents/GitHub/Inseok/MySouls
-logFile
Logs/AssetImportWorker0.log
-srvPort
1175
Successfully changed project path to: C:/Users/skyui/Documents/GitHub/Inseok/MySouls
C:/Users/skyui/Documents/GitHub/Inseok/MySouls
Using Asset Import Pipeline V2.
Refreshing native plugins compatible for Editor in 52.94 ms, found 2 plugins.
Preloading 0 native plugins for Editor in 0.00 ms.
Initialize engine version: 2020.3.16f1 (049d6eca3c44)
[Subsystems] Discovering subsystems at path C:/Program Files/Unity/Hub/Editor/2020.3.16f1/Editor/Data/Resources/UnitySubsystems
[Subsystems] Discovering subsystems at path C:/Users/skyui/Documents/GitHub/Inseok/MySouls/Assets
GfxDevice: creating device client; threaded=0
Direct3D:
    Version:  Direct3D 11.0 [level 11.1]
    Renderer: NVIDIA GeForce GTX 1070 (ID=0x1b81)
    Vendor:   
    VRAM:     8088 MB
    Driver:   30.0.14.7168
Initialize mono
Mono path[0] = 'C:/Program Files/Unity/Hub/Editor/2020.3.16f1/Editor/Data/Managed'
Mono path[1] = 'C:/Program Files/Unity/Hub/Editor/2020.3.16f1/Editor/Data/MonoBleedingEdge/lib/mono/unityjit'
Mono config path = 'C:/Program Files/Unity/Hub/Editor/2020.3.16f1/Editor/Data/MonoBleedingEdge/etc'
Using monoOptions --debugger-agent=transport=dt_socket,embedding=1,server=y,suspend=n,address=127.0.0.1:56388
Begin MonoManager ReloadAssembly
Registering precompiled unity dll's ...
Register platform support module: C:/Program Files/Unity/Hub/Editor/2020.3.16f1/Editor/Data/PlaybackEngines/WindowsStandaloneSupport/UnityEditor.WindowsStandalone.Extensions.dll
Registered in 0.003898 seconds.
Native extension for WindowsStandalone target not found
Refreshing native plugins compatible for Editor in 48.88 ms, found 2 plugins.
Preloading 0 native plugins for Editor in 0.00 ms.
Mono: successfully reloaded assembly
- Completed reload, in  1.754 seconds
Domain Reload Profiling:
	ReloadAssembly (1754ms)
		BeginReloadAssembly (94ms)
			ExecutionOrderSort (0ms)
			DisableScriptedObjects (0ms)
			BackupInstance (0ms)
			ReleaseScriptingObjects (0ms)
			CreateAndSetChildDomain (1ms)
		EndReloadAssembly (581ms)
			LoadAssemblies (89ms)
			RebuildTransferFunctionScriptingTraits (0ms)
			SetupTypeCache (209ms)
			ReleaseScriptCaches (0ms)
			RebuildScriptCaches (41ms)
			SetupLoadedEditorAssemblies (222ms)
				LogAssemblyErrors (0ms)
				InitializePlatformSupportModulesInManaged (7ms)
				SetLoadedEditorAssemblies (1ms)
				RefreshPlugins (49ms)
				BeforeProcessingInitializeOnLoad (21ms)
				ProcessInitializeOnLoadAttributes (103ms)
				ProcessInitializeOnLoadMethodAttributes (42ms)
				AfterProcessingInitializeOnLoad (0ms)
				EditorAssembliesLoaded (0ms)
			ExecutionOrderSort2 (0ms)
			AwakeInstancesAfterBackupRestoration (0ms)
Platform modules already initialized, skipping
Registering precompiled user dll's ...
Registered in 0.010975 seconds.
Begin MonoManager ReloadAssembly
Native extension for WindowsStandalone target not found
Refreshing native plugins compatible for Editor in 0.40 ms, found 2 plugins.
Preloading 0 native plugins for Editor in 0.00 ms.
Mono: successfully reloaded assembly
- Completed reload, in  1.634 seconds
Domain Reload Profiling:
	ReloadAssembly (1636ms)
		BeginReloadAssembly (241ms)
			ExecutionOrderSort (0ms)
			DisableScriptedObjects (8ms)
			BackupInstance (0ms)
			ReleaseScriptingObjects (0ms)
			CreateAndSetChildDomain (24ms)
		EndReloadAssembly (1299ms)
			LoadAssemblies (149ms)
			RebuildTransferFunctionScriptingTraits (0ms)
			SetupTypeCache (399ms)
			ReleaseScriptCaches (1ms)
			RebuildScriptCaches (60ms)
			SetupLoadedEditorAssemblies (550ms)
				LogAssemblyErrors (0ms)
				InitializePlatformSupportModulesInManaged (8ms)
				SetLoadedEditorAssemblies (1ms)
				RefreshPlugins (1ms)
				BeforeProcessingInitializeOnLoad (120ms)
				ProcessInitializeOnLoadAttributes (399ms)
				ProcessInitializeOnLoadMethodAttributes (5ms)
				AfterProcessingInitializeOnLoad (17ms)
				EditorAssembliesLoaded (0ms)
			ExecutionOrderSort2 (0ms)
			AwakeInstancesAfterBackupRestoration (12ms)
Platform modules already initialized, skipping
========================================================================
Worker process is ready to serve import requests
Launched and connected shader compiler UnityShaderCompiler.exe after 0.11 seconds
Refreshing native plugins compatible for Editor in 0.37 ms, found 2 plugins.
Preloading 0 native plugins for Editor in 0.00 ms.
Unloading 1405 Unused Serialized files (Serialized files now loaded: 0)
System memory in use before: 66.9 MB.
System memory in use after: 67.0 MB.

Unloading 19 unused Assets to reduce memory usage. Loaded Objects now: 1840.
Total: 3.334700 ms (FindLiveObjects: 0.229500 ms CreateObjectMapping: 0.075300 ms MarkObjects: 2.941000 ms  DeleteObjects: 0.087600 ms)

AssetImportParameters requested are different than current active one (requested -> active):
  custom:framework-win-MediaFoundation: 216162199b28c13a410421893ffa2e32 -> 
  custom:video-decoder-ogg-theora: a1e56fd34408186e4bbccfd4996cb3dc -> 
  custom:container-muxer-webm: aa71ff27fc2769a1b78a27578f13a17b -> 
  custom:container-demuxer-webm: 4f35f7cbe854078d1ac9338744f61a02 -> 
  custom:container-demuxer-ogg: 62fdf1f143b41e24485cea50d1cbac27 -> 
  custom:video-encoder-webm-vp8: eb34c28f22e8b96e1ab97ce403110664 -> 
  custom:video-decoder-webm-vp8: 9c59270c3fd7afecdb556c50c9e8de78 -> 
  custom:audio-decoder-ogg-vorbis: bf7c407c2cedff20999df2af8eb42d56 -> 
  custom:audio-encoder-webm-vorbis: bf7c407c2cedff20999df2af8eb42d56 -> 
========================================================================
Received Import Request.
  path: Assets/Audio/MainMixer.mixer
  artifactKey: Guid(d145ef7ec5c612648aba1716a7f53ac9) Importer(815301076,1909f56bfc062723c751e8b465ee728b)
Start importing Assets/Audio/MainMixer.mixer using Guid(d145ef7ec5c612648aba1716a7f53ac9) Importer(815301076,1909f56bfc062723c751e8b465ee728b)  -> (artifact id: '7aba3d51edd61aff4b59ce2cecb16f01') in 0.069096 seconds 
  Import took 0.073579 seconds .

========================================================================
Received Import Request.
  Time since last request: 0.388100 seconds.
  path: Assets/Prefab/MapPrefabs
  artifactKey: Guid(3f5fb976ca04ca642bbef35580903084) Importer(815301076,1909f56bfc062723c751e8b465ee728b)
Start importing Assets/Prefab/MapPrefabs using Guid(3f5fb976ca04ca642bbef35580903084) Importer(815301076,1909f56bfc062723c751e8b465ee728b)  -> (artifact id: 'cddf6df6330da63214e3b0292b03dfc1') in 0.008911 seconds 
  Import took 0.012777 seconds .

========================================================================
Received Import Request.
  Time since last request: 0.008735 seconds.
  path: Assets/Prefab/MapPrefabs
  artifactKey: Guid(3f5fb976ca04ca642bbef35580903084) Importer(815301076,1909f56bfc062723c751e8b465ee728b)
Start importing Assets/Prefab/MapPrefabs using Guid(3f5fb976ca04ca642bbef35580903084) Importer(815301076,1909f56bfc062723c751e8b465ee728b)  -> (artifact id: 'cddf6df6330da63214e3b0292b03dfc1') in 0.004816 seconds 
  Import took 0.009073 seconds .

========================================================================
Received Import Request.
  Time since last request: 0.125475 seconds.
  path: Assets/Prefab/MapPrefabs/Bridge 01.prefab
  artifactKey: Guid(41b018f12ce178147b4607881dbcdcea) Importer(815301076,1909f56bfc062723c751e8b465ee728b)
Start importing Assets/Prefab/MapPrefabs/Bridge 01.prefab using Guid(41b018f12ce178147b4607881dbcdcea) Importer(815301076,1909f56bfc062723c751e8b465ee728b)  -> (artifact id: 'f95b970a842c5ac8feb170aae300877d') in 0.120339 seconds 
  Import took 0.124922 seconds .

========================================================================
Received Import Request.
  Time since last request: 0.000308 seconds.
  path: Assets/Prefab/MapPrefabs/Trap 01.prefab
  artifactKey: Guid(eb3f51c9e4e6faa45b78a8c2a6e0c16d) Importer(815301076,1909f56bfc062723c751e8b465ee728b)
Start importing Assets/Prefab/MapPrefabs/Trap 01.prefab using Guid(eb3f51c9e4e6faa45b78a8c2a6e0c16d) Importer(815301076,1909f56bfc062723c751e8b465ee728b)  -> (artifact id: '6eae9d9888c8c009ba081cccea80bf9c') in 0.032062 seconds 
  Import took 0.036647 seconds .

========================================================================
Received Import Request.
  Time since last request: 0.000288 seconds.
  path: Assets/Prefab/MapPrefabs/FX Star.prefab
  artifactKey: Guid(cf2b180cac3506c4a9a0ab45fe990065) Importer(815301076,1909f56bfc062723c751e8b465ee728b)
Start importing Assets/Prefab/MapPrefabs/FX Star.prefab using Guid(cf2b180cac3506c4a9a0ab45fe990065) Importer(815301076,1909f56bfc062723c751e8b465ee728b)  -> (artifact id: 'abf76043005d289c0b301b9c78748881') in 0.031565 seconds 
  Import took 0.036300 seconds .

========================================================================
Received Import Request.
  Time since last request: 0.000269 seconds.
  path: Assets/Prefab/MapPrefabs/Grass 01.prefab
  artifactKey: Guid(1b8fbee291cdc1046a281cb2b3b51bf7) Importer(815301076,1909f56bfc062723c751e8b465ee728b)
Start importing Assets/Prefab/MapPrefabs/Grass 01.prefab using Guid(1b8fbee291cdc1046a281cb2b3b51bf7) Importer(815301076,1909f56bfc062723c751e8b465ee728b)  -> (artifact id: '3a70c17ec4ecc83ead8b62a0095a5254') in 0.028958 seconds 
  Import took 0.032775 seconds .

========================================================================
Received Import Request.
  Time since last request: 0.000296 seconds.
  path: Assets/Prefab/MapPrefabs/Water 01.prefab
  artifactKey: Guid(ff78edb367a079b4a8f8ae2d128c581f) Importer(815301076,1909f56bfc062723c751e8b465ee728b)
Start importing Assets/Prefab/MapPrefabs/Water 01.prefab using Guid(ff78edb367a079b4a8f8ae2d128c581f) Importer(815301076,1909f56bfc062723c751e8b465ee728b)  -> (artifact id: 'd16ae92d87e717aed5201c66afaff2b2') in 0.024618 seconds 
  Import took 0.029350 seconds .

========================================================================
Received Import Request.
  Time since last request: 0.000291 seconds.
  path: Assets/Prefab/MapPrefabs/Button Platform 01 Blue.prefab
  artifactKey: Guid(6f360d966d3303542b0bbc78a89a8cd1) Importer(815301076,1909f56bfc062723c751e8b465ee728b)
Start importing Assets/Prefab/MapPrefabs/Button Platform 01 Blue.prefab using Guid(6f360d966d3303542b0bbc78a89a8cd1) Importer(815301076,1909f56bfc062723c751e8b465ee728b)  -> (artifact id: 'a566c014be09dc11c74cf3ec9c02761c') in 0.024947 seconds 
  Import took 0.029408 seconds .

========================================================================
Received Import Request.
  Time since last request: 0.000269 seconds.
  path: Assets/Prefab/MapPrefabs/Button Platform 01 Red.prefab
  artifactKey: Guid(260a85a6c0f9d9043b33cbfab226e7bf) Importer(815301076,1909f56bfc062723c751e8b465ee728b)
Start importing Assets/Prefab/MapPrefabs/Button Platform 01 Red.prefab using Guid(260a85a6c0f9d9043b33cbfab226e7bf) Importer(815301076,1909f56bfc062723c751e8b465ee728b)  -> (artifact id: '0cc1574497a81c563c248e9b3e4e577f') in 0.021760 seconds 
  Import took 0.025963 seconds .

========================================================================
Received Import Request.
  Time since last request: 0.000341 seconds.
  path: Assets/Prefab/MapPrefabs/Waypoint 01.prefab
  artifactKey: Guid(19c412f8f5af8fa4dbe5adbf58d317e6) Importer(815301076,1909f56bfc062723c751e8b465ee728b)
Start importing Assets/Prefab/MapPrefabs/Waypoint 01.prefab using Guid(19c412f8f5af8fa4dbe5adbf58d317e6) Importer(815301076,1909f56bfc062723c751e8b465ee728b)  -> (artifact id: '5a75211a692cd47e15d947eea06935a7') in 0.020178 seconds 
  Import took 0.023659 seconds .

========================================================================
Received Import Request.
  Time since last request: 0.000291 seconds.
  path: Assets/Prefab/MapPrefabs/Button Platform 01 Red.prefab
  artifactKey: Guid(260a85a6c0f9d9043b33cbfab226e7bf) Importer(815301076,1909f56bfc062723c751e8b465ee728b)
Start importing Assets/Prefab/MapPrefabs/Button Platform 01 Red.prefab using Guid(260a85a6c0f9d9043b33cbfab226e7bf) Importer(815301076,1909f56bfc062723c751e8b465ee728b)  -> (artifact id: '0cc1574497a81c563c248e9b3e4e577f') in 0.015695 seconds 
  Import took 0.019944 seconds .

========================================================================
Received Import Request.
  Time since last request: 0.000266 seconds.
  path: Assets/Prefab/MapPrefabs/Waypoint 01.prefab
  artifactKey: Guid(19c412f8f5af8fa4dbe5adbf58d317e6) Importer(815301076,1909f56bfc062723c751e8b465ee728b)
Start importing Assets/Prefab/MapPrefabs/Waypoint 01.prefab using Guid(19c412f8f5af8fa4dbe5adbf58d317e6) Importer(815301076,1909f56bfc062723c751e8b465ee728b)  -> (artifact id: '5a75211a692cd47e15d947eea06935a7') in 0.019376 seconds 
  Import took 0.022853 seconds .

========================================================================
Received Import Request.
  Time since last request: 3.383796 seconds.
  path: Assets/Materials/MapMaterials/Button Blue 1.mat
  artifactKey: Guid(d039561a0d242784196a9f282d2d2c08) Importer(815301076,1909f56bfc062723c751e8b465ee728b)
Start importing Assets/Materials/MapMaterials/Button Blue 1.mat using Guid(d039561a0d242784196a9f282d2d2c08) Importer(815301076,1909f56bfc062723c751e8b465ee728b)  -> (artifact id: 'c0f7601caaeaae9792a58b571a19086c') in 0.063625 seconds 
  Import took 0.067853 seconds .

========================================================================
Received Import Request.
  Time since last request: 0.000295 seconds.
  path: Assets/Materials/MapMaterials/Waypoint.mat
  artifactKey: Guid(92e53f10fc59cb84fa5a5c3696a57041) Importer(815301076,1909f56bfc062723c751e8b465ee728b)
Start importing Assets/Materials/MapMaterials/Waypoint.mat using Guid(92e53f10fc59cb84fa5a5c3696a57041) Importer(815301076,1909f56bfc062723c751e8b465ee728b)  -> (artifact id: 'd229a87ca67056b6d107df4de0af6f7e') in 0.020285 seconds 
  Import took 0.025335 seconds .

========================================================================
Received Import Request.
  Time since last request: 0.000322 seconds.
  path: Assets/Materials/MapMaterials/Button Blue 1.mat
  artifactKey: Guid(d039561a0d242784196a9f282d2d2c08) Importer(815301076,1909f56bfc062723c751e8b465ee728b)
Start importing Assets/Materials/MapMaterials/Button Blue 1.mat using Guid(d039561a0d242784196a9f282d2d2c08) Importer(815301076,1909f56bfc062723c751e8b465ee728b)  -> (artifact id: 'c0f7601caaeaae9792a58b571a19086c') in 0.017068 seconds 
  Import took 0.023248 seconds .

========================================================================
Received Import Request.
  Time since last request: 0.000391 seconds.
  path: Assets/Materials/MapMaterials/Waypoint.mat
  artifactKey: Guid(92e53f10fc59cb84fa5a5c3696a57041) Importer(815301076,1909f56bfc062723c751e8b465ee728b)
Start importing Assets/Materials/MapMaterials/Waypoint.mat using Guid(92e53f10fc59cb84fa5a5c3696a57041) Importer(815301076,1909f56bfc062723c751e8b465ee728b)  -> (artifact id: 'd229a87ca67056b6d107df4de0af6f7e') in 0.016231 seconds 
  Import took 0.020462 seconds .

========================================================================
Received Import Request.
  Time since last request: 0.000336 seconds.
  path: Assets/Materials/MapMaterials/GroundGress.mat
  artifactKey: Guid(c40212b16e682b94a9a18835ede2e198) Importer(815301076,1909f56bfc062723c751e8b465ee728b)
Start importing Assets/Materials/MapMaterials/GroundGress.mat using Guid(c40212b16e682b94a9a18835ede2e198) Importer(815301076,1909f56bfc062723c751e8b465ee728b)  -> (artifact id: 'c3c70f9ab7cb3e7dcebdb741e54118e9') in 0.024543 seconds 
  Import took 0.029066 seconds .

========================================================================
Received Import Request.
  Time since last request: 0.000385 seconds.
  path: Assets/Materials/MapMaterials/Button Blue.mat
  artifactKey: Guid(11f4cd7516661214090022c23b90b537) Importer(815301076,1909f56bfc062723c751e8b465ee728b)
Start importing Assets/Materials/MapMaterials/Button Blue.mat using Guid(11f4cd7516661214090022c23b90b537) Importer(815301076,1909f56bfc062723c751e8b465ee728b)  -> (artifact id: '4a79468557019a829e55a1473e5133fd') in 0.029079 seconds 
  Import took 0.034033 seconds .

========================================================================
Received Import Request.
  Time since last request: 0.000540 seconds.
  path: Assets/Materials/MapMaterials/Mega Toon Tilemap 01.mat
  artifactKey: Guid(e11820def211aac499d1bcf50c3e3f8a) Importer(815301076,1909f56bfc062723c751e8b465ee728b)
Start importing Assets/Materials/MapMaterials/Mega Toon Tilemap 01.mat using Guid(e11820def211aac499d1bcf50c3e3f8a) Importer(815301076,1909f56bfc062723c751e8b465ee728b)  -> (artifact id: 'd948fff81887bb60755a0fd1b5fe410e') in 0.042291 seconds 
  Import took 0.048927 seconds .

========================================================================
Received Import Request.
  Time since last request: 0.000371 seconds.
  path: Assets/Materials/MapMaterials/FX Star.mat
  artifactKey: Guid(3841fc494b23b3f42adf71e7d6beaf94) Importer(815301076,1909f56bfc062723c751e8b465ee728b)
Start importing Assets/Materials/MapMaterials/FX Star.mat using Guid(3841fc494b23b3f42adf71e7d6beaf94) Importer(815301076,1909f56bfc062723c751e8b465ee728b)  -> (artifact id: 'cd0494b058d7192729ece93a3ff4f9a4') in 0.024522 seconds 
  Import took 0.032037 seconds .

========================================================================
Received Import Request.
  Time since last request: 3.183311 seconds.
  path: Assets/Materials/UnitMaterials/TTS_Demo_material.mat
  artifactKey: Guid(567681dbfb9f1994584c4a77df698d79) Importer(815301076,1909f56bfc062723c751e8b465ee728b)
Start importing Assets/Materials/UnitMaterials/TTS_Demo_material.mat using Guid(567681dbfb9f1994584c4a77df698d79) Importer(815301076,1909f56bfc062723c751e8b465ee728b)  -> (artifact id: '795a5eeceef5abeb8f72c329b68915b4') in 0.032073 seconds 
  Import took 0.037855 seconds .

